<?xml version="1.0" encoding="UTF-8"?>
<!-- Generated by org.testng.reporters.JUnitReportReporter -->
<testsuite hostname="ALIMHAMU-218394" failures="0" tests="1" name="com.webecc.AppTest" time="0.008" errors="0" timestamp="2025-04-03T14:54:19 MESZ" skipped="0">
  <testcase classname="com.webecc.AppTest" name="shouldAnswerWithTrue" time="0.008"/>
</testsuite> <!-- com.webecc.AppTest -->
