<?xml version="1.0" encoding="UTF-8"?>
<!-- Generated by org.testng.reporters.JUnitReportReporter -->
<testsuite hostname="ALIMHAMU-218394" failures="0" tests="3" name="com.webecc.BaukastenRegressionsTest" time="26.169" errors="0" timestamp="2025-04-11T00:05:12 MESZ" skipped="0">
  <testcase classname="com.webecc.BaukastenRegressionsTest" name="loginTest" time="5.167"/>
  <testcase classname="com.webecc.BaukastenRegressionsTest" name="baukastenSuchen" time="11.985"/>
  <testcase classname="com.webecc.BaukastenRegressionsTest" name="bugTicketWEBECC3699" time="9.017"/>
</testsuite> <!-- com.webecc.BaukastenRegressionsTest -->
