<?xml version="1.0" encoding="UTF-8"?>
<!-- Generated by org.testng.reporters.JUnitReportReporter -->
<testsuite hostname="ALIMHAMU-218394" failures="0" tests="7" name="com.webecc.LexikonRegressionTest" time="24.404" errors="0" timestamp="2025-04-11T00:05:12 MESZ" skipped="0">
  <testcase classname="com.webecc.LexikonRegressionTest" name="loginTest" time="6.826"/>
  <testcase classname="com.webecc.LexikonRegressionTest" name="openTheTextschluesselDetailansicht" time="1.063"/>
  <testcase classname="com.webecc.LexikonRegressionTest" name="textschluesselSuchen" time="0.771"/>
  <testcase classname="com.webecc.LexikonRegressionTest" name="checkTheHeaderText" time="0.100"/>
  <testcase classname="com.webecc.LexikonRegressionTest" name="dieTextLabelSollNichtExistieren" time="10.264"/>
  <testcase classname="com.webecc.LexikonRegressionTest" name="istDerAnlegenVonNeueTextSchluesselErfolgreich" time="5.295"/>
  <testcase classname="com.webecc.LexikonRegressionTest" name="istNeuAngelegteTextSchluesselRichtigAngezeigt" time="0.085"/>
</testsuite> <!-- com.webecc.LexikonRegressionTest -->
