<?xml version="1.0" encoding="UTF-8"?>
<!-- Generated by org.testng.reporters.JUnitReportReporter -->
<testsuite hostname="ALIMHAMU-218394" failures="0" tests="3" name="com.webecc.regressionstests.BaukastenRegressionsTest" time="28.276" errors="0" timestamp="2025-04-13T00:44:23 MESZ" skipped="0">
  <testcase classname="com.webecc.regressionstests.BaukastenRegressionsTest" name="loginTest" time="5.959"/>
  <testcase classname="com.webecc.regressionstests.BaukastenRegressionsTest" name="baukastenSuchen" time="12.317"/>
  <testcase classname="com.webecc.regressionstests.BaukastenRegressionsTest" name="bugTicketWEBECC3699" time="10.000"/>
</testsuite> <!-- com.webecc.regressionstests.BaukastenRegressionsTest -->
