<?xml version="1.0" encoding="UTF-8"?>
<!-- Generated by org.testng.reporters.JUnitReportReporter -->
<testsuite hostname="ALIMHAMU-218394" failures="0" tests="7" name="com.webecc.regressionstests.LexikonRegressionTest" time="24.422" errors="0" timestamp="2025-04-12T14:54:27 MESZ" skipped="0">
  <testcase classname="com.webecc.regressionstests.LexikonRegressionTest" name="loginTest" time="5.730"/>
  <testcase classname="com.webecc.regressionstests.LexikonRegressionTest" name="openTheTextschluesselDetailansicht" time="1.068"/>
  <testcase classname="com.webecc.regressionstests.LexikonRegressionTest" name="textschluesselSuchen" time="0.993"/>
  <testcase classname="com.webecc.regressionstests.LexikonRegressionTest" name="checkTheHeaderText" time="0.028"/>
  <testcase classname="com.webecc.regressionstests.LexikonRegressionTest" name="dieTextLabelSollNichtExistierenWEBECC4032" time="10.394"/>
  <testcase classname="com.webecc.regressionstests.LexikonRegressionTest" name="istDerAnlegenVonNeueTextSchluesselErfolgreich" time="6.064"/>
  <testcase classname="com.webecc.regressionstests.LexikonRegressionTest" name="istNeuAngelegteTextSchluesselRichtigAngezeigt" time="0.145"/>
</testsuite> <!-- com.webecc.regressionstests.LexikonRegressionTest -->
