<?xml version="1.0" encoding="UTF-8"?>
<!-- Generated by org.testng.reporters.JUnitReportReporter -->
<testsuite hostname="ALIMHAMU-218394" failures="0" tests="3" name="com.webecc.regressionstests.KatalogSeitenRegressionsTest" time="0.000" errors="0" timestamp="2025-04-12T16:26:21 MESZ" skipped="3">
  <testcase classname="com.webecc.regressionstests.KatalogSeitenRegressionsTest" name="loginTest" time="0.000">
    <skipped/>
  </testcase> <!-- loginTest -->
  <testcase classname="com.webecc.regressionstests.KatalogSeitenRegressionsTest" name="sachnummernValidierungBeiStueckWWWEBECC3984Szenario3" time="0.000">
    <skipped/>
  </testcase> <!-- sachnummernValidierungBeiStueckWWWEBECC3984Szenario3 -->
  <testcase classname="com.webecc.regressionstests.KatalogSeitenRegressionsTest" name="sachnummernValidierungBeiStueckWWWEBECC3984Szenario4" time="0.000">
    <skipped/>
  </testcase> <!-- sachnummernValidierungBeiStueckWWWEBECC3984Szenario4 -->
</testsuite> <!-- com.webecc.regressionstests.KatalogSeitenRegressionsTest -->
