<?xml version="1.0" encoding="UTF-8"?>
<!-- Generated by org.testng.reporters.JUnitReportReporter -->
<testsuite hostname="ALIMHAMU-218394" failures="0" tests="3" name="com.webecc.regressionstests.KatalogSeitenRegressionsTest" time="36.313" errors="0" timestamp="2025-04-13T01:43:50 MESZ" skipped="0">
  <testcase classname="com.webecc.regressionstests.KatalogSeitenRegressionsTest" name="loginTest" time="5.947"/>
  <testcase classname="com.webecc.regressionstests.KatalogSeitenRegressionsTest" name="sachnummernValidierungBeiStueckWWWEBECC3984Szenario3" time="16.717"/>
  <testcase classname="com.webecc.regressionstests.KatalogSeitenRegressionsTest" name="sachnummernValidierungBeiStueckWWWEBECC3984Szenario4" time="13.649"/>
</testsuite> <!-- com.webecc.regressionstests.KatalogSeitenRegressionsTest -->
