<?xml version="1.0" encoding="UTF-8"?>
<!-- Generated by org.testng.reporters.JUnitReportReporter -->
<testsuite hostname="ALIMHAMU-218394" failures="0" tests="3" name="com.webecc.regressionstests.KatalogSeitenRegressionsTest" time="37.146" errors="0" timestamp="2025-04-13T00:44:23 MESZ" skipped="0">
  <testcase classname="com.webecc.regressionstests.KatalogSeitenRegressionsTest" name="loginTest" time="5.688"/>
  <testcase classname="com.webecc.regressionstests.KatalogSeitenRegressionsTest" name="sachnummernValidierungBeiStueckWWWEBECC3984Szenario3" time="17.101"/>
  <testcase classname="com.webecc.regressionstests.KatalogSeitenRegressionsTest" name="sachnummernValidierungBeiStueckWWWEBECC3984Szenario4" time="14.357"/>
</testsuite> <!-- com.webecc.regressionstests.KatalogSeitenRegressionsTest -->
