<?xml version="1.0" encoding="UTF-8"?>
<!-- Generated by org.testng.reporters.JUnitReportReporter -->
<testsuite hostname="ALIMHAMU-218394" failures="0" tests="8" name="com.webecc.regressionstests.LexikonRegressionTest" time="0.052" errors="1" timestamp="2025-04-12T16:26:21 MESZ" skipped="7">
  <testcase classname="com.webecc.regressionstests.LexikonRegressionTest" name="setup" time="0.051">
    <error type="java.lang.NullPointerException">
      <![CDATA[java.lang.NullPointerException
at java.base/java.util.concurrent.ConcurrentHashMap.putVal(ConcurrentHashMap.java:1011)
at java.base/java.util.concurrent.ConcurrentHashMap.put(ConcurrentHashMap.java:1006)
at org.testng.internal.Attributes.setAttribute(Attributes.java:25)
at org.testng.TestRunner.setAttribute(TestRunner.java:1297)
at com.webecc.regressionstests.LexikonRegressionTest.setup(LexikonRegressionTest.java:32)
at java.base/jdk.internal.reflect.DirectMethodHandleAccessor.invoke(DirectMethodHandleAccessor.java:103)
at java.base/java.lang.reflect.Method.invoke(Method.java:580)
at org.testng.internal.invokers.MethodInvocationHelper.invokeMethod(MethodInvocationHelper.java:139)
at org.testng.internal.invokers.MethodInvocationHelper.invokeMethodConsideringTimeout(MethodInvocationHelper.java:69)
at org.testng.internal.invokers.ConfigInvoker.invokeConfigurationMethod(ConfigInvoker.java:393)
at org.testng.internal.invokers.ConfigInvoker.invokeConfigurations(ConfigInvoker.java:326)
at org.testng.TestRunner.invokeTestConfigurations(TestRunner.java:661)
at org.testng.TestRunner.beforeRun(TestRunner.java:650)
at org.testng.TestRunner.run(TestRunner.java:612)
at org.testng.SuiteRunner.runTest(SuiteRunner.java:443)
at org.testng.SuiteRunner.runSequentially(SuiteRunner.java:437)
at org.testng.SuiteRunner.privateRun(SuiteRunner.java:397)
at org.testng.SuiteRunner.run(SuiteRunner.java:336)
at org.testng.SuiteRunnerWorker.runSuite(SuiteRunnerWorker.java:52)
at org.testng.SuiteRunnerWorker.run(SuiteRunnerWorker.java:95)
at org.testng.TestNG.runSuitesSequentially(TestNG.java:1301)
at org.testng.TestNG.runSuitesLocally(TestNG.java:1228)
at org.testng.TestNG.runSuites(TestNG.java:1134)
at org.testng.TestNG.run(TestNG.java:1101)
at org.apache.maven.surefire.testng.TestNGExecutor.run(TestNGExecutor.java:135)
at org.apache.maven.surefire.testng.TestNGDirectoryTestSuite.executeMulti(TestNGDirectoryTestSuite.java:193)
at org.apache.maven.surefire.testng.TestNGDirectoryTestSuite.execute(TestNGDirectoryTestSuite.java:94)
at org.apache.maven.surefire.testng.TestNGProvider.invoke(TestNGProvider.java:146)
at org.apache.maven.surefire.booter.ForkedBooter.invokeProviderInSameClassLoader(ForkedBooter.java:384)
at org.apache.maven.surefire.booter.ForkedBooter.runSuitesInProcess(ForkedBooter.java:345)
at org.apache.maven.surefire.booter.ForkedBooter.execute(ForkedBooter.java:126)
at org.apache.maven.surefire.booter.ForkedBooter.main(ForkedBooter.java:418)
]]>
    </error>
  </testcase> <!-- setup -->
  <testcase classname="com.webecc.regressionstests.LexikonRegressionTest" name="loginTest" time="0.000">
    <skipped/>
  </testcase> <!-- loginTest -->
  <testcase classname="com.webecc.regressionstests.LexikonRegressionTest" name="openTheTextschluesselDetailansicht" time="0.000">
    <skipped/>
  </testcase> <!-- openTheTextschluesselDetailansicht -->
  <testcase classname="com.webecc.regressionstests.LexikonRegressionTest" name="textschluesselSuchen" time="0.001">
    <skipped/>
  </testcase> <!-- textschluesselSuchen -->
  <testcase classname="com.webecc.regressionstests.LexikonRegressionTest" name="checkTheHeaderText" time="0.000">
    <skipped/>
  </testcase> <!-- checkTheHeaderText -->
  <testcase classname="com.webecc.regressionstests.LexikonRegressionTest" name="dieTextLabelSollNichtExistierenWEBECC4032" time="0.000">
    <skipped/>
  </testcase> <!-- dieTextLabelSollNichtExistierenWEBECC4032 -->
  <testcase classname="com.webecc.regressionstests.LexikonRegressionTest" name="istDerAnlegenVonNeueTextSchluesselErfolgreich" time="0.000">
    <skipped/>
  </testcase> <!-- istDerAnlegenVonNeueTextSchluesselErfolgreich -->
  <testcase classname="com.webecc.regressionstests.LexikonRegressionTest" name="istNeuAngelegteTextSchluesselRichtigAngezeigt" time="0.000">
    <skipped/>
  </testcase> <!-- istNeuAngelegteTextSchluesselRichtigAngezeigt -->
</testsuite> <!-- com.webecc.regressionstests.LexikonRegressionTest -->
