<?xml version="1.0" encoding="UTF-8"?>
<!-- Generated by org.testng.reporters.JUnitReportReporter -->
<testsuite hostname="ALIMHAMU-218394" failures="0" tests="7" name="com.webecc.regressionstests.LexikonRegressionTest" time="25.512" errors="0" timestamp="2025-04-13T00:44:23 MESZ" skipped="0">
  <testcase classname="com.webecc.regressionstests.LexikonRegressionTest" name="loginTest" time="5.920"/>
  <testcase classname="com.webecc.regressionstests.LexikonRegressionTest" name="openTheTextschluesselDetailansicht" time="0.995"/>
  <testcase classname="com.webecc.regressionstests.LexikonRegressionTest" name="textschluesselSuchen" time="0.989"/>
  <testcase classname="com.webecc.regressionstests.LexikonRegressionTest" name="checkTheHeaderText" time="0.031"/>
  <testcase classname="com.webecc.regressionstests.LexikonRegressionTest" name="dieTextLabelSollNichtExistierenWEBECC4032" time="10.516"/>
  <testcase classname="com.webecc.regressionstests.LexikonRegressionTest" name="istDerAnlegenVonNeueTextSchluesselErfolgreich" time="6.943"/>
  <testcase classname="com.webecc.regressionstests.LexikonRegressionTest" name="istNeuAngelegteTextSchluesselRichtigAngezeigt" time="0.118"/>
</testsuite> <!-- com.webecc.regressionstests.LexikonRegressionTest -->
