<?xml version="1.0" encoding="UTF-8"?>
<!-- Generated by org.testng.reporters.JUnitReportReporter -->
<testsuite hostname="ALIMHAMU-218394" failures="0" tests="4" name="com.webecc.regressionstests.BaukastenRegressionsTest" time="0.000" errors="0" timestamp="2025-04-12T16:26:21 MESZ" skipped="4">
  <testcase classname="com.webecc.regressionstests.BaukastenRegressionsTest" name="loginTest" time="0.000">
    <skipped/>
  </testcase> <!-- loginTest -->
  <testcase classname="com.webecc.regressionstests.BaukastenRegressionsTest" name="testAbsichtlichFehlgeschlagen" time="0.000">
    <skipped/>
  </testcase> <!-- testAbsichtlichFehlgeschlagen -->
  <testcase classname="com.webecc.regressionstests.BaukastenRegressionsTest" name="baukastenSuchen" time="0.000">
    <skipped/>
  </testcase> <!-- baukastenSuchen -->
  <testcase classname="com.webecc.regressionstests.BaukastenRegressionsTest" name="bugTicketWEBECC3699" time="0.000">
    <skipped/>
  </testcase> <!-- bugTicketWEBECC3699 -->
</testsuite> <!-- com.webecc.regressionstests.BaukastenRegressionsTest -->
