<?xml version="1.0" encoding="UTF-8"?>
<!-- Generated by org.testng.reporters.JUnitReportReporter -->
<testsuite hostname="ALIMHAMU-218394" failures="0" tests="3" name="com.webecc.regressionstests.KatalogSeitenRegressionsTest" time="57.452" errors="0" timestamp="2025-04-13T19:26:21 MESZ" skipped="0">
  <testcase classname="com.webecc.regressionstests.KatalogSeitenRegressionsTest" name="loginTest" time="13.330"/>
  <testcase classname="com.webecc.regressionstests.KatalogSeitenRegressionsTest" name="sachnummernValidierungBeiStueckWWWEBECC3984Szenario3" time="22.449"/>
  <testcase classname="com.webecc.regressionstests.KatalogSeitenRegressionsTest" name="sachnummernValidierungBeiStueckWWWEBECC3984Szenario4" time="21.673"/>
</testsuite> <!-- com.webecc.regressionstests.KatalogSeitenRegressionsTest -->
